0 info it worked if it ends with ok
1 verbose cli [ 'node', '/usr/local/bin/npm', 'install', 'learnyournode' ]
2 info using npm@1.4.28
3 info using node@v0.10.33
4 verbose cache add [ 'learnyournode', null ]
5 verbose cache add name=undefined spec="learnyournode" args=["learnyournode",null]
6 verbose parsed url { protocol: null,
6 verbose parsed url   slashes: null,
6 verbose parsed url   auth: null,
6 verbose parsed url   host: null,
6 verbose parsed url   port: null,
6 verbose parsed url   hostname: null,
6 verbose parsed url   hash: null,
6 verbose parsed url   search: null,
6 verbose parsed url   query: null,
6 verbose parsed url   pathname: 'learnyournode',
6 verbose parsed url   path: 'learnyournode',
6 verbose parsed url   href: 'learnyournode' }
7 silly lockFile a3745577-learnyournode learnyournode
8 verbose lock learnyournode /Users/mananhora/.npm/a3745577-learnyournode.lock
9 silly lockFile a3745577-learnyournode learnyournode
10 silly lockFile a3745577-learnyournode learnyournode
11 verbose addNamed [ 'learnyournode', '' ]
12 verbose addNamed [ null, '*' ]
13 silly lockFile fe5b14bd-learnyournode learnyournode@
14 verbose lock learnyournode@ /Users/mananhora/.npm/fe5b14bd-learnyournode.lock
15 silly addNameRange { name: 'learnyournode', range: '*', hasData: false }
16 verbose request where is /learnyournode
17 verbose request registry https://registry.npmjs.org/
18 verbose request id ae7e7a6fee4eca63
19 verbose url raw /learnyournode
20 verbose url resolving [ 'https://registry.npmjs.org/', './learnyournode' ]
21 verbose url resolved https://registry.npmjs.org/learnyournode
22 verbose request where is https://registry.npmjs.org/learnyournode
23 info trying registry request attempt 1 at 16:51:40
24 http GET https://registry.npmjs.org/learnyournode
25 http 404 https://registry.npmjs.org/learnyournode
26 verbose headers { server: 'CouchDB/1.5.0 (Erlang OTP/R16B03)',
26 verbose headers   'content-type': 'application/json',
26 verbose headers   'cache-control': 'max-age=0',
26 verbose headers   'content-length': '51',
26 verbose headers   'accept-ranges': 'bytes',
26 verbose headers   date: 'Tue, 23 Jun 2015 11:21:45 GMT',
26 verbose headers   via: '1.1 varnish',
26 verbose headers   age: '0',
26 verbose headers   connection: 'keep-alive',
26 verbose headers   'x-served-by': 'cache-sin6923-SIN',
26 verbose headers   'x-cache': 'MISS',
26 verbose headers   'x-cache-hits': '0',
26 verbose headers   'x-timer': 'S1435058505.331188,VS0,VE230' }
27 silly registry.get cb [ 404,
27 silly registry.get   { server: 'CouchDB/1.5.0 (Erlang OTP/R16B03)',
27 silly registry.get     'content-type': 'application/json',
27 silly registry.get     'cache-control': 'max-age=0',
27 silly registry.get     'content-length': '51',
27 silly registry.get     'accept-ranges': 'bytes',
27 silly registry.get     date: 'Tue, 23 Jun 2015 11:21:45 GMT',
27 silly registry.get     via: '1.1 varnish',
27 silly registry.get     age: '0',
27 silly registry.get     connection: 'keep-alive',
27 silly registry.get     'x-served-by': 'cache-sin6923-SIN',
27 silly registry.get     'x-cache': 'MISS',
27 silly registry.get     'x-cache-hits': '0',
27 silly registry.get     'x-timer': 'S1435058505.331188,VS0,VE230' } ]
28 silly lockFile fe5b14bd-learnyournode learnyournode@
29 silly lockFile fe5b14bd-learnyournode learnyournode@
30 error 404 404 Not Found: learnyournode
30 error 404
30 error 404 'learnyournode' is not in the npm registry.
30 error 404 You should bug the author to publish it
30 error 404
30 error 404 Note that you can also install from a
30 error 404 tarball, folder, or http url, or git url.
31 error System Darwin 14.3.0
32 error command "node" "/usr/local/bin/npm" "install" "learnyournode"
33 error cwd /Users/mananhora/Documents/GItHub/sevaconnect_2.0/node
34 error node -v v0.10.33
35 error npm -v 1.4.28
36 error code E404
37 verbose exit [ 1, true ]
